<?xml version="1.0" encoding="UTF-8"?>
<!-- Generated by org.testng.reporters.JUnitReportReporter -->
<testsuite hostname="DESKTOP-48MG7AU" failures="0" tests="4" name="testcases.CartQuantityTest13" time="10.118" errors="0" timestamp="2024-04-11T13:53:44 IST" skipped="0">
  <testcase classname="testcases.CartQuantityTest13" name="SignUpPageTitle" time="0.029"/>
  <system-out/>
  <testcase classname="testcases.CartQuantityTest13" name="ProductSelection" time="7.012"/>
  <system-out/>
  <testcase classname="testcases.CartQuantityTest13" name="Quantity" time="3.024"/>
  <system-out/>
  <testcase classname="testcases.CartQuantityTest13" name="DisplayQty" time="0.053"/>
  <system-out/>
</testsuite> <!-- testcases.CartQuantityTest13 -->
