<?xml version="1.0" encoding="UTF-8"?>
<!-- Generated by org.testng.reporters.JUnitReportReporter -->
<testsuite hostname="DESKTOP-48MG7AU" failures="0" tests="4" name="testcases.ExistingUserTest5" time="5.189" errors="0" timestamp="2024-04-11T01:28:46 IST" skipped="0">
  <testcase classname="testcases.ExistingUserTest5" name="SignUpPageTitle" time="0.103"/>
  <system-out/>
  <testcase classname="testcases.ExistingUserTest5" name="newSignup" time="2.644"/>
  <system-out/>
  <testcase classname="testcases.ExistingUserTest5" name="NewuserInfo" time="2.293"/>
  <system-out/>
  <testcase classname="testcases.ExistingUserTest5" name="FailureMsg" time="0.149"/>
  <system-out/>
</testsuite> <!-- testcases.ExistingUserTest5 -->
