<?xml version="1.0" encoding="UTF-8"?>
<!-- Generated by org.testng.reporters.JUnitReportReporter -->
<testsuite hostname="DESKTOP-48MG7AU" failures="0" tests="5" name="testcases.SubscriptionTest10" time="1.174" errors="0" timestamp="2024-04-11T02:14:34 IST" skipped="0">
  <testcase classname="testcases.SubscriptionTest10" name="SignUpPageTitle" time="0.051"/>
  <system-out/>
  <testcase classname="testcases.SubscriptionTest10" name="ScrollDownFooter" time="0.111"/>
  <system-out/>
  <testcase classname="testcases.SubscriptionTest10" name="TextName" time="0.550"/>
  <system-out/>
  <testcase classname="testcases.SubscriptionTest10" name="EnterEmail" time="0.396"/>
  <system-out/>
  <testcase classname="testcases.SubscriptionTest10" name="VerifySucessMessage" time="0.066"/>
  <system-out/>
</testsuite> <!-- testcases.SubscriptionTest10 -->
