<?xml version="1.0" encoding="UTF-8"?>
<!-- Generated by org.testng.reporters.JUnitReportReporter -->
<testsuite hostname="DESKTOP-48MG7AU" failures="0" tests="4" name="testcases.RemoveProductTest17" time="12.285" errors="0" timestamp="2024-04-11T10:48:38 IST" skipped="0">
  <testcase classname="testcases.RemoveProductTest17" name="SignUpPageTitle" time="0.026"/>
  <system-out/>
  <testcase classname="testcases.RemoveProductTest17" name="SelectProduct" time="11.930"/>
  <system-out/>
  <testcase classname="testcases.RemoveProductTest17" name="VerifyPage" time="0.123"/>
  <system-out/>
  <testcase classname="testcases.RemoveProductTest17" name="Delete" time="0.206"/>
  <system-out/>
</testsuite> <!-- testcases.RemoveProductTest17 -->
