<?xml version="1.0" encoding="UTF-8"?>
<!-- Generated by org.testng.reporters.JUnitReportReporter -->
<testsuite hostname="DESKTOP-48MG7AU" failures="0" tests="3" name="testcases.ValidUserTest2" time="16.289" errors="0" timestamp="2024-04-11T01:00:12 IST" skipped="0">
  <testcase classname="testcases.ValidUserTest2" name="SignUpPageTitle" time="0.241"/>
  <system-out/>
  <testcase classname="testcases.ValidUserTest2" name="Validatelogin" time="2.209"/>
  <system-out/>
  <testcase classname="testcases.ValidUserTest2" name="logincredentials" time="13.839"/>
  <system-out/>
</testsuite> <!-- testcases.ValidUserTest2 -->
