<?xml version="1.0" encoding="UTF-8"?>
<!-- Generated by org.testng.reporters.JUnitReportReporter -->
<testsuite hostname="DESKTOP-48MG7AU" failures="0" tests="3" name="testcases.AddItemTest12" time="18.571" errors="0" timestamp="2024-04-11T03:12:37 IST" skipped="0">
  <testcase classname="testcases.AddItemTest12" name="SignUpPageTitle" time="0.682"/>
  <system-out/>
  <testcase classname="testcases.AddItemTest12" name="Productbutton" time="0.419"/>
  <system-out/>
  <testcase classname="testcases.AddItemTest12" name="SelectItems" time="17.470"/>
  <system-out/>
</testsuite> <!-- testcases.AddItemTest12 -->
