<?xml version="1.0" encoding="UTF-8"?>
<!-- Generated by org.testng.reporters.JUnitReportReporter -->
<testsuite hostname="DESKTOP-48MG7AU" failures="0" tests="3" name="testcases.LogoutUserTest4" time="8.512" errors="0" timestamp="2024-04-11T01:25:42 IST" skipped="0">
  <testcase classname="testcases.LogoutUserTest4" name="SignUpPageTitle" time="0.024"/>
  <system-out/>
  <testcase classname="testcases.LogoutUserTest4" name="Validatelogin" time="1.906"/>
  <system-out/>
  <testcase classname="testcases.LogoutUserTest4" name="logincredentials" time="6.582"/>
  <system-out/>
</testsuite> <!-- testcases.LogoutUserTest4 -->
