<?xml version="1.0" encoding="UTF-8"?>
<!-- Generated by org.testng.reporters.JUnitReportReporter -->
<testsuite hostname="DESKTOP-48MG7AU" failures="0" tests="15" name="testcases.BeforeCheckoutTest15" time="31.876" errors="0" timestamp="2024-04-11T03:40:00 IST" skipped="0">
  <testcase classname="testcases.BeforeCheckoutTest15" name="SignUpPageTitle" time="0.053"/>
  <system-out/>
  <testcase classname="testcases.BeforeCheckoutTest15" name="Usersignup" time="6.518"/>
  <system-out/>
  <testcase classname="testcases.BeforeCheckoutTest15" name="nextpage" time="0.675"/>
  <system-out/>
  <testcase classname="testcases.BeforeCheckoutTest15" name="Addressdeatils1" time="1.561"/>
  <system-out/>
  <testcase classname="testcases.BeforeCheckoutTest15" name="Addressdeatils2" time="4.352"/>
  <system-out/>
  <testcase classname="testcases.BeforeCheckoutTest15" name="accountCreated" time="0.277"/>
  <system-out/>
  <testcase classname="testcases.BeforeCheckoutTest15" name="Userlogged" time="3.809"/>
  <system-out/>
  <testcase classname="testcases.BeforeCheckoutTest15" name="Add" time="1.994"/>
  <system-out/>
  <testcase classname="testcases.BeforeCheckoutTest15" name="verifyaddress" time="1.734"/>
  <system-out/>
  <testcase classname="testcases.BeforeCheckoutTest15" name="verifyreview" time="0.210"/>
  <system-out/>
  <testcase classname="testcases.BeforeCheckoutTest15" name="Ordernote" time="2.082"/>
  <system-out/>
  <testcase classname="testcases.BeforeCheckoutTest15" name="creditcard" time="4.108"/>
  <system-out/>
  <testcase classname="testcases.BeforeCheckoutTest15" name="ordermsg" time="0.058"/>
  <system-out/>
  <testcase classname="testcases.BeforeCheckoutTest15" name="Accdelete" time="1.705"/>
  <system-out/>
  <testcase classname="testcases.BeforeCheckoutTest15" name="Startagain" time="2.740"/>
  <system-out/>
</testsuite> <!-- testcases.BeforeCheckoutTest15 -->
