<?xml version="1.0" encoding="UTF-8"?>
<!-- Generated by org.testng.reporters.JUnitReportReporter -->
<testsuite hostname="DESKTOP-48MG7AU" failures="0" tests="8" name="testcases.VerifyCartTest20" time="21.131" errors="0" timestamp="2024-04-11T11:56:54 IST" skipped="0">
  <testcase classname="testcases.VerifyCartTest20" name="ProductPage" time="9.662"/>
  <system-out/>
  <testcase classname="testcases.VerifyCartTest20" name="ItemName" time="3.266"/>
  <system-out/>
  <testcase classname="testcases.VerifyCartTest20" name="SearcProductVisible" time="0.067"/>
  <system-out/>
  <testcase classname="testcases.VerifyCartTest20" name="AllProductList" time="0.030"/>
  <system-out/>
  <testcase classname="testcases.VerifyCartTest20" name="Add" time="2.283"/>
  <system-out/>
  <testcase classname="testcases.VerifyCartTest20" name="Signup" time="4.406"/>
  <system-out/>
  <testcase classname="testcases.VerifyCartTest20" name="ValidateCart" time="1.374"/>
  <system-out/>
  <testcase classname="testcases.VerifyCartTest20" name="Verifycart2" time="0.043"/>
  <system-out/>
</testsuite> <!-- testcases.VerifyCartTest20 -->
