<?xml version="1.0" encoding="UTF-8"?>
<!-- Generated by org.testng.reporters.JUnitReportReporter -->
<testsuite hostname="DESKTOP-48MG7AU" failures="0" tests="2" name="testcases.RecommendedItemTest22" time="3.440" errors="0" timestamp="2024-04-10T18:48:34 IST" skipped="0">
  <testcase classname="testcases.RecommendedItemTest22" name="ScrollDown" time="0.326"/>
  <system-out/>
  <testcase classname="testcases.RecommendedItemTest22" name="SelectProduct" time="3.114"/>
  <system-out/>
</testsuite> <!-- testcases.RecommendedItemTest22 -->
