<?xml version="1.0" encoding="UTF-8"?>
<!-- Generated by org.testng.reporters.JUnitReportReporter -->
<testsuite hostname="DESKTOP-48MG7AU" failures="0" tests="5" name="testcases.CartSubscribeTest11" time="3.131" errors="0" timestamp="2024-04-11T02:21:42 IST" skipped="0">
  <testcase classname="testcases.CartSubscribeTest11" name="SignUpPageTitle" time="0.034"/>
  <system-out/>
  <testcase classname="testcases.CartSubscribeTest11" name="ScrollDownFooter" time="2.391"/>
  <system-out/>
  <testcase classname="testcases.CartSubscribeTest11" name="TextName" time="0.241"/>
  <system-out/>
  <testcase classname="testcases.CartSubscribeTest11" name="EnterEmail" time="0.387"/>
  <system-out/>
  <testcase classname="testcases.CartSubscribeTest11" name="VerifySucessMessage" time="0.078"/>
  <system-out/>
</testsuite> <!-- testcases.CartSubscribeTest11 -->
