<?xml version="1.0" encoding="UTF-8"?>
<!-- Generated by org.testng.reporters.JUnitReportReporter -->
<testsuite hostname="DESKTOP-48MG7AU" failures="0" tests="3" name="testcases.ScrollUpwithoutArrow26" time="0.236" errors="0" timestamp="2024-04-08T16:32:44 IST" skipped="0">
  <testcase classname="testcases.ScrollUpwithoutArrow26" name="SignUpPageTitle" time="0.020"/>
  <system-out/>
  <testcase classname="testcases.ScrollUpwithoutArrow26" name="ScrollDown" time="0.160"/>
  <system-out/>
  <testcase classname="testcases.ScrollUpwithoutArrow26" name="ScrollUp" time="0.056"/>
  <system-out/>
</testsuite> <!-- testcases.ScrollUpwithoutArrow26 -->
