<?xml version="1.0" encoding="UTF-8"?>
<!-- Generated by org.testng.reporters.JUnitReportReporter -->
<testsuite hostname="DESKTOP-48MG7AU" failures="0" tests="13" name="testcases.BillingAddressTest23" time="27.198" errors="0" timestamp="2024-04-11T14:52:10 IST" skipped="0">
  <testcase classname="testcases.BillingAddressTest23" name="SignUpPageTitle" time="0.146"/>
  <system-out/>
  <testcase classname="testcases.BillingAddressTest23" name="Usersignup" time="5.542"/>
  <system-out/>
  <testcase classname="testcases.BillingAddressTest23" name="nextpage" time="0.646"/>
  <system-out/>
  <testcase classname="testcases.BillingAddressTest23" name="Addressdeatils1" time="1.156"/>
  <system-out/>
  <testcase classname="testcases.BillingAddressTest23" name="Addressdeatils2" time="2.714"/>
  <system-out/>
  <testcase classname="testcases.BillingAddressTest23" name="accountCreated" time="0.100"/>
  <system-out/>
  <testcase classname="testcases.BillingAddressTest23" name="Userlogged" time="4.435"/>
  <system-out/>
  <testcase classname="testcases.BillingAddressTest23" name="Add" time="1.750"/>
  <system-out/>
  <testcase classname="testcases.BillingAddressTest23" name="Checkout" time="6.004"/>
  <system-out/>
  <testcase classname="testcases.BillingAddressTest23" name="Deladdress" time="0.002"/>
  <system-out/>
  <testcase classname="testcases.BillingAddressTest23" name="BillAddress" time="0.006"/>
  <system-out/>
  <testcase classname="testcases.BillingAddressTest23" name="Accdelete" time="1.577"/>
  <system-out/>
  <testcase classname="testcases.BillingAddressTest23" name="Startagain" time="3.120"/>
  <system-out/>
</testsuite> <!-- testcases.BillingAddressTest23 -->
