<?xml version="1.0" encoding="UTF-8"?>
<!-- Generated by org.testng.reporters.JUnitReportReporter -->
<testsuite hostname="DESKTOP-48MG7AU" failures="0" tests="16" name="testcases.RegisterCheckoutTest14" time="34.806" errors="0" timestamp="2024-04-11T03:38:39 IST" skipped="0">
  <testcase classname="testcases.RegisterCheckoutTest14" name="SignUpPageTitle" time="0.049"/>
  <system-out/>
  <testcase classname="testcases.RegisterCheckoutTest14" name="Add" time="2.625"/>
  <system-out/>
  <testcase classname="testcases.RegisterCheckoutTest14" name="Usersignup" time="4.936"/>
  <system-out/>
  <testcase classname="testcases.RegisterCheckoutTest14" name="nextpage" time="0.614"/>
  <system-out/>
  <testcase classname="testcases.RegisterCheckoutTest14" name="Addressdeatils1" time="1.171"/>
  <system-out/>
  <testcase classname="testcases.RegisterCheckoutTest14" name="Addressdeatils2" time="2.783"/>
  <system-out/>
  <testcase classname="testcases.RegisterCheckoutTest14" name="accountCreated" time="0.075"/>
  <system-out/>
  <testcase classname="testcases.RegisterCheckoutTest14" name="Userlogged" time="4.585"/>
  <system-out/>
  <testcase classname="testcases.RegisterCheckoutTest14" name="GotoCart" time="7.569"/>
  <system-out/>
  <testcase classname="testcases.RegisterCheckoutTest14" name="verifyaddress" time="0.060"/>
  <system-out/>
  <testcase classname="testcases.RegisterCheckoutTest14" name="verifyreview" time="0.165"/>
  <system-out/>
  <testcase classname="testcases.RegisterCheckoutTest14" name="Ordernote" time="1.804"/>
  <system-out/>
  <testcase classname="testcases.RegisterCheckoutTest14" name="creditcard" time="3.964"/>
  <system-out/>
  <testcase classname="testcases.RegisterCheckoutTest14" name="ordermsg" time="0.108"/>
  <system-out/>
  <testcase classname="testcases.RegisterCheckoutTest14" name="Accdelete" time="1.612"/>
  <system-out/>
  <testcase classname="testcases.RegisterCheckoutTest14" name="Startagain" time="2.686"/>
  <system-out/>
</testsuite> <!-- testcases.RegisterCheckoutTest14 -->
