<?xml version="1.0" encoding="UTF-8"?>
<!-- Generated by org.testng.reporters.JUnitReportReporter -->
<testsuite hostname="DESKTOP-48MG7AU" failures="0" tests="4" name="testcases.ScrollUpwithArrowTest25" time="0.890" errors="0" timestamp="2024-04-08T16:30:52 IST" skipped="0">
  <testcase classname="testcases.ScrollUpwithArrowTest25" name="SignUpPageTitle" time="0.024"/>
  <system-out/>
  <testcase classname="testcases.ScrollUpwithArrowTest25" name="SrcollDown" time="0.159"/>
  <system-out/>
  <testcase classname="testcases.ScrollUpwithArrowTest25" name="ArrowClick" time="0.149"/>
  <system-out/>
  <testcase classname="testcases.ScrollUpwithArrowTest25" name="FullPageText" time="0.558"/>
  <system-out/>
</testsuite> <!-- testcases.ScrollUpwithArrowTest25 -->
