<?xml version="1.0" encoding="UTF-8"?>
<!-- Generated by org.testng.reporters.JUnitReportReporter -->
<testsuite hostname="DESKTOP-48MG7AU" failures="0" tests="3" name="testcases.TestCaseTest7" time="5.650" errors="0" timestamp="2024-04-11T01:34:00 IST" skipped="0">
  <testcase classname="testcases.TestCaseTest7" name="SignUpPageTitle" time="0.137"/>
  <system-out/>
  <testcase classname="testcases.TestCaseTest7" name="TestPageButton" time="0.268"/>
  <system-out/>
  <testcase classname="testcases.TestCaseTest7" name="VerifyTestPage" time="5.245"/>
  <system-out/>
</testsuite> <!-- testcases.TestCaseTest7 -->
