<?xml version="1.0" encoding="UTF-8"?>
<!-- Generated by org.testng.reporters.JUnitReportReporter -->
<testsuite hostname="DESKTOP-48MG7AU" failures="0" tests="6" name="testcases.BrandProductTest19" time="8.578" errors="0" timestamp="2024-04-11T11:02:43 IST" skipped="0">
  <testcase classname="testcases.BrandProductTest19" name="ProductTab" time="2.445"/>
  <system-out/>
  <testcase classname="testcases.BrandProductTest19" name="Brandtag" time="0.118"/>
  <system-out/>
  <testcase classname="testcases.BrandProductTest19" name="Select1stBrand" time="0.454"/>
  <system-out/>
  <testcase classname="testcases.BrandProductTest19" name="Brandname" time="3.973"/>
  <system-out/>
  <testcase classname="testcases.BrandProductTest19" name="Select2ndBrand" time="1.524"/>
  <system-out/>
  <testcase classname="testcases.BrandProductTest19" name="Brandname2" time="0.064"/>
  <system-out/>
</testsuite> <!-- testcases.BrandProductTest19 -->
