<?xml version="1.0" encoding="UTF-8"?>
<!-- Generated by org.testng.reporters.JUnitReportReporter -->
<testsuite hostname="DESKTOP-48MG7AU" failures="0" tests="12" name="testcases.SignUpPageTest1" time="20.232" errors="0" timestamp="2024-04-11T00:47:18 IST" skipped="0">
  <testcase classname="testcases.SignUpPageTest1" name="SignUpPageTitle" time="0.021"/>
  <system-out/>
  <testcase classname="testcases.SignUpPageTest1" name="newSignup" time="2.744"/>
  <system-out/>
  <testcase classname="testcases.SignUpPageTest1" name="NewuserInfo" time="3.140"/>
  <system-out/>
  <testcase classname="testcases.SignUpPageTest1" name="DateofBirth" time="1.079"/>
  <system-out/>
  <testcase classname="testcases.SignUpPageTest1" name="DetailpageTitle" time="0.073"/>
  <system-out/>
  <testcase classname="testcases.SignUpPageTest1" name="CreatePassword" time="0.130"/>
  <system-out/>
  <testcase classname="testcases.SignUpPageTest1" name="Addressdeatils1" time="1.005"/>
  <system-out/>
  <testcase classname="testcases.SignUpPageTest1" name="Addressdeatils2" time="2.813"/>
  <system-out/>
  <testcase classname="testcases.SignUpPageTest1" name="accountCreated" time="0.144"/>
  <system-out/>
  <testcase classname="testcases.SignUpPageTest1" name="Userlogged" time="4.574"/>
  <system-out/>
  <testcase classname="testcases.SignUpPageTest1" name="Accountdelete" time="1.815"/>
  <system-out/>
  <testcase classname="testcases.SignUpPageTest1" name="Restart" time="2.694"/>
  <system-out/>
</testsuite> <!-- testcases.SignUpPageTest1 -->
