<?xml version="1.0" encoding="UTF-8"?>
<!-- Generated by org.testng.reporters.JUnitReportReporter -->
<testsuite hostname="DESKTOP-48MG7AU" failures="0" tests="8" name="testcases.LoginCheckoutTest16" time="19.316" errors="0" timestamp="2024-04-11T03:45:18 IST" skipped="0">
  <testcase classname="testcases.LoginCheckoutTest16" name="SignUpPageTitle" time="0.038"/>
  <system-out/>
  <testcase classname="testcases.LoginCheckoutTest16" name="logincredentials" time="6.670"/>
  <system-out/>
  <testcase classname="testcases.LoginCheckoutTest16" name="Add" time="2.405"/>
  <system-out/>
  <testcase classname="testcases.LoginCheckoutTest16" name="verifyaddress" time="1.956"/>
  <system-out/>
  <testcase classname="testcases.LoginCheckoutTest16" name="verifyreview" time="0.191"/>
  <system-out/>
  <testcase classname="testcases.LoginCheckoutTest16" name="Ordernote" time="0.459"/>
  <system-out/>
  <testcase classname="testcases.LoginCheckoutTest16" name="creditcard" time="7.544"/>
  <system-out/>
  <testcase classname="testcases.LoginCheckoutTest16" name="ordermsg" time="0.053"/>
  <system-out/>
</testsuite> <!-- testcases.LoginCheckoutTest16 -->
