<?xml version="1.0" encoding="UTF-8"?>
<!-- Generated by org.testng.reporters.JUnitReportReporter -->
<testsuite hostname="DESKTOP-48MG7AU" failures="0" tests="6" name="testcases.ContactUsTest6" time="3.602" errors="0" timestamp="2024-04-11T01:32:02 IST" skipped="0">
  <testcase classname="testcases.ContactUsTest6" name="SignUpPageTitle" time="0.026"/>
  <system-out/>
  <testcase classname="testcases.ContactUsTest6" name="ContactButton" time="2.264"/>
  <system-out/>
  <testcase classname="testcases.ContactUsTest6" name="Details" time="0.818"/>
  <system-out/>
  <testcase classname="testcases.ContactUsTest6" name="Upload" time="0.256"/>
  <system-out/>
  <testcase classname="testcases.ContactUsTest6" name="verifySucessMsg" time="0.060"/>
  <system-out/>
  <testcase classname="testcases.ContactUsTest6" name="HomePage" time="0.178"/>
  <system-out/>
</testsuite> <!-- testcases.ContactUsTest6 -->
