<?xml version="1.0" encoding="UTF-8"?>
<!-- Generated by org.testng.reporters.JUnitReportReporter -->
<testsuite hostname="DESKTOP-48MG7AU" failures="0" tests="4" name="testcases.ReviewProductTest21" time="9.894" errors="0" timestamp="2024-04-08T01:54:29 IST" skipped="0">
  <testcase classname="testcases.ReviewProductTest21" name="Allproduct" time="4.007"/>
  <system-out/>
  <testcase classname="testcases.ReviewProductTest21" name="ViewButton" time="4.347"/>
  <system-out/>
  <testcase classname="testcases.ReviewProductTest21" name="Userdetails" time="1.414"/>
  <system-out/>
  <testcase classname="testcases.ReviewProductTest21" name="SubmitReview" time="0.126"/>
  <system-out/>
</testsuite> <!-- testcases.ReviewProductTest21 -->
