<?xml version="1.0" encoding="UTF-8"?>
<!-- Generated by org.testng.reporters.JUnitReportReporter -->
<testsuite hostname="DESKTOP-48MG7AU" failures="0" tests="6" name="testcases.SearchTest9" time="9.986" errors="0" timestamp="2024-04-11T02:02:03 IST" skipped="0">
  <testcase classname="testcases.SearchTest9" name="SignUpPageTitle" time="2.762"/>
  <system-out/>
  <testcase classname="testcases.SearchTest9" name="Producttab" time="0.412"/>
  <system-out/>
  <testcase classname="testcases.SearchTest9" name="ProductPage" time="4.780"/>
  <system-out/>
  <testcase classname="testcases.SearchTest9" name="ItemName" time="1.872"/>
  <system-out/>
  <testcase classname="testcases.SearchTest9" name="SearcProductVisible" time="0.092"/>
  <system-out/>
  <testcase classname="testcases.SearchTest9" name="AllProductList" time="0.068"/>
  <system-out/>
</testsuite> <!-- testcases.SearchTest9 -->
