<?xml version="1.0" encoding="UTF-8"?>
<!-- Generated by org.testng.reporters.JUnitReportReporter -->
<testsuite hostname="DESKTOP-48MG7AU" failures="0" tests="3" name="testcases.InvalidUserTest3" time="4.957" errors="0" timestamp="2024-04-11T01:21:34 IST" skipped="0">
  <testcase classname="testcases.InvalidUserTest3" name="SignUpPageTitle" time="0.101"/>
  <system-out/>
  <testcase classname="testcases.InvalidUserTest3" name="Validatelogin" time="2.281"/>
  <system-out/>
  <testcase classname="testcases.InvalidUserTest3" name="logincredentials" time="2.575"/>
  <system-out/>
</testsuite> <!-- testcases.InvalidUserTest3 -->
