<?xml version="1.0" encoding="UTF-8"?>
<!-- Generated by org.testng.reporters.JUnitReportReporter -->
<testsuite hostname="DESKTOP-48MG7AU" failures="0" tests="4" name="testcases.ProductDetailsTest8" time="7.299" errors="0" timestamp="2024-04-11T01:57:57 IST" skipped="0">
  <testcase classname="testcases.ProductDetailsTest8" name="SignUpPageTitle" time="0.123"/>
  <system-out/>
  <testcase classname="testcases.ProductDetailsTest8" name="NavigatetoPage" time="4.773"/>
  <system-out/>
  <testcase classname="testcases.ProductDetailsTest8" name="Viewpage" time="1.306"/>
  <system-out/>
  <testcase classname="testcases.ProductDetailsTest8" name="Productinfo" time="1.097"/>
  <system-out/>
</testsuite> <!-- testcases.ProductDetailsTest8 -->
