<?xml version="1.0" encoding="UTF-8"?>
<!-- Generated by org.testng.reporters.JUnitReportReporter -->
<testsuite hostname="DESKTOP-48MG7AU" failures="0" tests="7" name="testcases.CategoryProductsTest18" time="7.341" errors="0" timestamp="2024-04-11T11:01:21 IST" skipped="0">
  <testcase classname="testcases.CategoryProductsTest18" name="ValidateCategory" time="0.178"/>
  <system-out/>
  <testcase classname="testcases.CategoryProductsTest18" name="WomenItem" time="0.726"/>
  <system-out/>
  <testcase classname="testcases.CategoryProductsTest18" name="TopWomensItem" time="4.344"/>
  <system-out/>
  <testcase classname="testcases.CategoryProductsTest18" name="Titleforpage" time="0.127"/>
  <system-out/>
  <testcase classname="testcases.CategoryProductsTest18" name="MensProduct" time="0.048"/>
  <system-out/>
  <testcase classname="testcases.CategoryProductsTest18" name="TopMensclothes" time="1.860"/>
  <system-out/>
  <testcase classname="testcases.CategoryProductsTest18" name="Topitems" time="0.058"/>
  <system-out/>
</testsuite> <!-- testcases.CategoryProductsTest18 -->
